2021-05-15 11:14:17,024 [INFO] Activator:170 - 


2021-05-15 11:14:17,031 [INFO] Activator:171 - !SESSION log4j initialized
2021-05-15 11:14:51,259 [INFO] RetryExec:97 - I/O exception (org.apache.http.NoHttpResponseException) caught when processing request to {}->http://sw-center.st.com:80: The target server failed to respond
2021-05-15 11:14:51,262 [INFO] RetryExec:113 - Retrying request to {}->http://sw-center.st.com:80
2021-05-15 11:14:51,665 [INFO] RetryExec:97 - I/O exception (org.apache.http.NoHttpResponseException) caught when processing request to {}->http://sw-center.st.com:80: The target server failed to respond
2021-05-15 11:14:51,665 [INFO] RetryExec:113 - Retrying request to {}->http://sw-center.st.com:80
2021-05-15 11:15:08,168 [INFO] McuFinderGlobals:40 - Set McuFinder mode to 2 (CubeIDE integrated)
2021-05-15 11:15:09,059 [INFO] ApplicationProperties:181 - Using Application install path: C:\ST\STM32CubeIDE_1.5.1\STM32CubeIDE\plugins\com.st.stm32cube.common.mx_6.1.1.202012091304
2021-05-15 11:15:09,121 [INFO] DbMcusXml:71 - Set database path to: C:\ST\STM32CubeIDE_1.5.1\STM32CubeIDE\plugins\com.st.stm32cube.common.mx_6.1.1.202012091304\\db\/mcu/
2021-05-15 11:15:09,137 [INFO] DbBoardsPdsc:57 - Set plugin database path to: C:\ST\STM32CubeIDE_1.5.1\STM32CubeIDE\plugins\com.st.stm32cube.common.mx_6.1.1.202012091304\\db\/plugins/boardmanager/
2021-05-15 11:15:09,137 [INFO] DbMcus:259 - Set plugin images path to: C:\ST\STM32CubeIDE_1.5.1\STM32CubeIDE\plugins\com.st.stm32cube.common.mx_6.1.1.202012091304\\db\/plugins/mcufinder/images/
2021-05-15 11:15:09,137 [INFO] DbBoards:265 - Set plugin images path to: C:\ST\STM32CubeIDE_1.5.1\STM32CubeIDE\plugins\com.st.stm32cube.common.mx_6.1.1.202012091304\\db\/plugins/mcufinder/images/
2021-05-15 11:15:09,137 [INFO] DbExamples:329 - Set plugin images path to: C:\ST\STM32CubeIDE_1.5.1\STM32CubeIDE\plugins\com.st.stm32cube.common.mx_6.1.1.202012091304\\db\/plugins/mcufinder/images/
2021-05-15 11:15:09,184 [INFO] DbMcusDocs:112 - Set database path to: C:\Users\Nikolai\.stmcufinder\plugins\mcufinder//mcu/
2021-05-15 11:15:09,184 [INFO] DbMcusJson:63 - Set database path to: C:\Users\Nikolai\.stmcufinder\plugins\mcufinder//mcu/
2021-05-15 11:15:09,199 [INFO] DbBoardsDocs:112 - Set database path to: C:\Users\Nikolai\.stmcufinder\plugins\mcufinder//mcu/
2021-05-15 11:15:09,199 [INFO] DbBoardsJson:56 - Set database path to: C:\Users\Nikolai\.stmcufinder\plugins\mcufinder//mcu/
2021-05-15 11:15:09,215 [INFO] CrossReferenceDbSqlite:196 - Set database path to: C:\Users\Nikolai\.stmcufinder\plugins\mcufinder//mcu/cs/
2021-05-15 11:15:09,215 [INFO] DbExamplesSqlite:699 - Set database path to: C:\Users\Nikolai\.stmcufinder\plugins\mcufinder//mcu/
2021-05-15 11:15:09,668 [INFO] RulesReader:52 - Compatibility file has been processed (228 Rules)
2021-05-15 11:15:10,059 [INFO] MicroXplorer:565 - Detected Java Version = 1.8.0_272
2021-05-15 11:15:10,059 [INFO] DbMcusXml:71 - Set database path to: C:\ST\STM32CubeIDE_1.5.1\STM32CubeIDE\plugins\com.st.stm32cube.common.mx_6.1.1.202012091304\\db\/mcu/
2021-05-15 11:15:10,074 [INFO] DbBoardsPdsc:57 - Set plugin database path to: C:\ST\STM32CubeIDE_1.5.1\STM32CubeIDE\plugins\com.st.stm32cube.common.mx_6.1.1.202012091304\\db\/plugins/boardmanager/
2021-05-15 11:15:10,074 [INFO] DbMcus:259 - Set plugin images path to: C:\ST\STM32CubeIDE_1.5.1\STM32CubeIDE\plugins\com.st.stm32cube.common.mx_6.1.1.202012091304\\db\/plugins/mcufinder/images/
2021-05-15 11:15:10,074 [INFO] DbBoards:265 - Set plugin images path to: C:\ST\STM32CubeIDE_1.5.1\STM32CubeIDE\plugins\com.st.stm32cube.common.mx_6.1.1.202012091304\\db\/plugins/mcufinder/images/
2021-05-15 11:15:10,074 [INFO] DbExamples:329 - Set plugin images path to: C:\ST\STM32CubeIDE_1.5.1\STM32CubeIDE\plugins\com.st.stm32cube.common.mx_6.1.1.202012091304\\db\/plugins/mcufinder/images/
2021-05-15 11:15:10,074 [WARN] DbFile:36 - Overriding database path with different value: C:\Users\Nikolai\.stmcufinder\plugins\mcufinder/ => C:\Users\Nikolai\.stmcufinder\plugins\mcufinder
2021-05-15 11:15:10,074 [INFO] DbMcusDocs:112 - Set database path to: C:\Users\Nikolai\.stmcufinder\plugins\mcufinder//mcu/
2021-05-15 11:15:10,074 [WARN] DbFile:36 - Overriding database path with different value: C:\Users\Nikolai\.stmcufinder\plugins\mcufinder/ => C:\Users\Nikolai\.stmcufinder\plugins\mcufinder
2021-05-15 11:15:10,074 [INFO] DbMcusJson:63 - Set database path to: C:\Users\Nikolai\.stmcufinder\plugins\mcufinder//mcu/
2021-05-15 11:15:10,074 [WARN] DbFile:36 - Overriding database path with different value: C:\Users\Nikolai\.stmcufinder\plugins\mcufinder/ => C:\Users\Nikolai\.stmcufinder\plugins\mcufinder
2021-05-15 11:15:10,074 [INFO] DbBoardsDocs:112 - Set database path to: C:\Users\Nikolai\.stmcufinder\plugins\mcufinder//mcu/
2021-05-15 11:15:10,074 [WARN] DbFile:36 - Overriding database path with different value: C:\Users\Nikolai\.stmcufinder\plugins\mcufinder/ => C:\Users\Nikolai\.stmcufinder\plugins\mcufinder
2021-05-15 11:15:10,074 [INFO] DbBoardsJson:56 - Set database path to: C:\Users\Nikolai\.stmcufinder\plugins\mcufinder//mcu/
2021-05-15 11:15:10,074 [WARN] DbFile:36 - Overriding database path with different value: C:\Users\Nikolai\.stmcufinder\plugins\mcufinder/ => C:\Users\Nikolai\.stmcufinder\plugins\mcufinder
2021-05-15 11:15:10,074 [WARN] DbFile:36 - Overriding database path with different value: C:\Users\Nikolai\.stmcufinder\plugins\mcufinder/ => C:\Users\Nikolai\.stmcufinder\plugins\mcufinder
2021-05-15 11:15:10,074 [INFO] CrossReferenceDbSqlite:196 - Set database path to: C:\Users\Nikolai\.stmcufinder\plugins\mcufinder//mcu/cs/
2021-05-15 11:15:10,074 [WARN] DbFile:36 - Overriding database path with different value: C:\Users\Nikolai\.stmcufinder\plugins\mcufinder/ => C:\Users\Nikolai\.stmcufinder\plugins\mcufinder
2021-05-15 11:15:10,074 [INFO] DbExamplesSqlite:699 - Set database path to: C:\Users\Nikolai\.stmcufinder\plugins\mcufinder//mcu/
2021-05-15 11:15:10,324 [INFO] MainPanel:190 - HeapMemory: 413138944
2021-05-15 11:15:10,965 [INFO] DbMcusXml:71 - Set database path to: C:\ST\STM32CubeIDE_1.5.1\STM32CubeIDE\plugins\com.st.stm32cube.common.mx_6.1.1.202012091304\\db\/mcu/
2021-05-15 11:15:10,965 [INFO] DbBoardsPdsc:57 - Set plugin database path to: C:\ST\STM32CubeIDE_1.5.1\STM32CubeIDE\plugins\com.st.stm32cube.common.mx_6.1.1.202012091304\\db\/plugins/boardmanager/
2021-05-15 11:15:10,965 [INFO] DbMcus:259 - Set plugin images path to: C:\ST\STM32CubeIDE_1.5.1\STM32CubeIDE\plugins\com.st.stm32cube.common.mx_6.1.1.202012091304\\db\/plugins/mcufinder/images/
2021-05-15 11:15:10,965 [INFO] DbBoards:265 - Set plugin images path to: C:\ST\STM32CubeIDE_1.5.1\STM32CubeIDE\plugins\com.st.stm32cube.common.mx_6.1.1.202012091304\\db\/plugins/mcufinder/images/
2021-05-15 11:15:10,965 [INFO] DbExamples:329 - Set plugin images path to: C:\ST\STM32CubeIDE_1.5.1\STM32CubeIDE\plugins\com.st.stm32cube.common.mx_6.1.1.202012091304\\db\/plugins/mcufinder/images/
2021-05-15 11:15:10,980 [WARN] DbFile:36 - Overriding database path with different value: C:\Users\Nikolai\.stmcufinder\plugins\mcufinder/ => C:\Users\Nikolai\.stmcufinder\plugins\mcufinder
2021-05-15 11:15:10,980 [INFO] DbMcusDocs:112 - Set database path to: C:\Users\Nikolai\.stmcufinder\plugins\mcufinder//mcu/
2021-05-15 11:15:10,980 [WARN] DbFile:36 - Overriding database path with different value: C:\Users\Nikolai\.stmcufinder\plugins\mcufinder/ => C:\Users\Nikolai\.stmcufinder\plugins\mcufinder
2021-05-15 11:15:10,980 [INFO] DbMcusJson:63 - Set database path to: C:\Users\Nikolai\.stmcufinder\plugins\mcufinder//mcu/
2021-05-15 11:15:10,980 [WARN] DbFile:36 - Overriding database path with different value: C:\Users\Nikolai\.stmcufinder\plugins\mcufinder/ => C:\Users\Nikolai\.stmcufinder\plugins\mcufinder
2021-05-15 11:15:10,980 [INFO] DbBoardsDocs:112 - Set database path to: C:\Users\Nikolai\.stmcufinder\plugins\mcufinder//mcu/
2021-05-15 11:15:10,980 [WARN] DbFile:36 - Overriding database path with different value: C:\Users\Nikolai\.stmcufinder\plugins\mcufinder/ => C:\Users\Nikolai\.stmcufinder\plugins\mcufinder
2021-05-15 11:15:10,980 [INFO] DbBoardsJson:56 - Set database path to: C:\Users\Nikolai\.stmcufinder\plugins\mcufinder//mcu/
2021-05-15 11:15:10,980 [WARN] DbFile:36 - Overriding database path with different value: C:\Users\Nikolai\.stmcufinder\plugins\mcufinder/ => C:\Users\Nikolai\.stmcufinder\plugins\mcufinder
2021-05-15 11:15:10,980 [WARN] DbFile:36 - Overriding database path with different value: C:\Users\Nikolai\.stmcufinder\plugins\mcufinder/ => C:\Users\Nikolai\.stmcufinder\plugins\mcufinder
2021-05-15 11:15:10,980 [INFO] CrossReferenceDbSqlite:196 - Set database path to: C:\Users\Nikolai\.stmcufinder\plugins\mcufinder//mcu/cs/
2021-05-15 11:15:10,980 [WARN] DbFile:36 - Overriding database path with different value: C:\Users\Nikolai\.stmcufinder\plugins\mcufinder/ => C:\Users\Nikolai\.stmcufinder\plugins\mcufinder
2021-05-15 11:15:10,980 [INFO] DbExamplesSqlite:699 - Set database path to: C:\Users\Nikolai\.stmcufinder\plugins\mcufinder//mcu/
2021-05-15 11:15:11,027 [INFO] ApplicationProperties:181 - Using Application install path: C:\ST\STM32CubeIDE_1.5.1\STM32CubeIDE\plugins\com.st.stm32cube.common.mx_6.1.1.202012091304
2021-05-15 11:15:11,043 [INFO] PluginManage:178 - Search for loadable plugins [exclusion list=, ]
2021-05-15 11:15:11,043 [INFO] PluginManage:292 - Check plugin analytics
2021-05-15 11:15:11,746 [INFO] AnalyticsPlugin:225 - Accepted Software Licenses: 
2021-05-15 11:15:11,746 [INFO] AnalyticsPlugin:227 - Accepted CMSIS Pack Licenses: 
2021-05-15 11:15:11,746 [INFO] AnalyticsPlugin:229 - Accepted Firmware Licenses: 
2021-05-15 11:15:11,746 [INFO] PluginManage:342 - Loaded plugin analytics (category:tool,tabindex:-1)
2021-05-15 11:15:11,746 [INFO] PluginManage:292 - Check plugin clock
2021-05-15 11:15:11,886 [INFO] PluginManage:342 - Loaded plugin clock (category:base,tabindex:2)
2021-05-15 11:15:11,886 [INFO] PluginManage:292 - Check plugin ddr
2021-05-15 11:15:11,902 [INFO] PluginManage:342 - Loaded plugin ddr (category:tool,tabindex:6)
2021-05-15 11:15:11,902 [INFO] PluginManage:292 - Check plugin filemanager
2021-05-15 11:15:12,745 [INFO] PluginManage:342 - Loaded plugin filemanager (category:base,tabindex:10)
2021-05-15 11:15:12,745 [INFO] PluginManage:292 - Check plugin ipmanager
2021-05-15 11:15:12,761 [INFO] PluginManage:342 - Loaded plugin ipmanager (category:base,tabindex:5)
2021-05-15 11:15:12,761 [INFO] PluginManage:292 - Check plugin pinoutandconfiguration
2021-05-15 11:15:12,792 [INFO] PluginManage:342 - Loaded plugin pinoutandconfiguration (category:base,tabindex:1)
2021-05-15 11:15:12,792 [INFO] PluginManage:292 - Check plugin pinoutconfig
2021-05-15 11:15:12,839 [INFO] PluginManage:342 - Loaded plugin pinoutconfig (category:base,tabindex:0)
2021-05-15 11:15:12,839 [INFO] PluginManage:292 - Check plugin power
2021-05-15 11:15:12,870 [INFO] PluginManage:342 - Loaded plugin power (category:power,tabindex:4)
2021-05-15 11:15:12,870 [INFO] PluginManage:292 - Check plugin projectmanager
2021-05-15 11:15:13,120 [INFO] PluginManage:342 - Loaded plugin projectmanager (category:projectmanager,tabindex:3)
2021-05-15 11:15:13,120 [INFO] PluginManage:292 - Check plugin thirdparty
2021-05-15 11:15:13,776 [INFO] PluginManage:342 - Loaded plugin thirdparty (category:base,tabindex:-1)
2021-05-15 11:15:13,776 [INFO] PluginManage:292 - Check plugin tools
2021-05-15 11:15:13,792 [WARN] IntegrityCheckThread:59 - waiting for thirdparty lock release [integrity check]
2021-05-15 11:15:13,792 [INFO] IntegrityCheckThread:61 - entering critical section [integrity check]
2021-05-15 11:15:13,792 [INFO] ThirdPartyUpdaterWithRetryManager:56 - Updater plugin not ready yet. [1/15]
2021-05-15 11:15:13,792 [INFO] PluginManage:342 - Loaded plugin tools (category:base,tabindex:7)
2021-05-15 11:15:13,792 [INFO] PluginManage:292 - Check plugin tutovideos
2021-05-15 11:15:14,305 [INFO] PluginManage:342 - Loaded plugin tutovideos (category:base,tabindex:-1)
2021-05-15 11:15:14,305 [INFO] PluginManage:292 - Check plugin updater
2021-05-15 11:15:14,327 [INFO] PluginManage:342 - Loaded plugin updater (category:base,tabindex:12)
2021-05-15 11:15:14,328 [INFO] PluginManage:265 - PluginManage : Loaded plugins [13]
2021-05-15 11:15:14,594 [INFO] PinOutPanel:1434 - setPackage(No Configuration,No Configuration)
2021-05-15 11:15:14,750 [INFO] IPUIPlugin:64 - create IPUIPlugin
2021-05-15 11:15:14,750 [INFO] PluginManager:203 - loadIPPluginJar : add adc
2021-05-15 11:15:14,750 [INFO] IPUIPlugin:64 - create IPUIPlugin
2021-05-15 11:15:14,750 [INFO] PluginManager:203 - loadIPPluginJar : add aes
2021-05-15 11:15:14,750 [INFO] IPUIPlugin:64 - create IPUIPlugin
2021-05-15 11:15:14,750 [INFO] PluginManager:203 - loadIPPluginJar : add can
2021-05-15 11:15:14,750 [INFO] IPUIPlugin:64 - create IPUIPlugin
2021-05-15 11:15:14,750 [INFO] PluginManager:203 - loadIPPluginJar : add comp
2021-05-15 11:15:14,766 [INFO] IPUIPlugin:64 - create IPUIPlugin
2021-05-15 11:15:14,766 [INFO] PluginManager:203 - loadIPPluginJar : add cryp
2021-05-15 11:15:14,766 [INFO] IPUIPlugin:64 - create IPUIPlugin
2021-05-15 11:15:14,766 [INFO] PluginManager:203 - loadIPPluginJar : add dfsdm
2021-05-15 11:15:14,781 [INFO] IPUIPlugin:64 - create IPUIPlugin
2021-05-15 11:15:14,781 [INFO] PluginManager:203 - loadIPPluginJar : add dma
2021-05-15 11:15:14,781 [INFO] IPUIPlugin:64 - create IPUIPlugin
2021-05-15 11:15:14,781 [INFO] PluginManager:203 - loadIPPluginJar : add fatfs
2021-05-15 11:15:14,781 [INFO] IPUIPlugin:64 - create IPUIPlugin
2021-05-15 11:15:14,781 [INFO] PluginManager:203 - loadIPPluginJar : add fmc
2021-05-15 11:15:14,797 [INFO] IPUIPlugin:64 - create IPUIPlugin
2021-05-15 11:15:14,797 [INFO] PluginManager:203 - loadIPPluginJar : add freertos
2021-05-15 11:15:14,797 [INFO] IPUIPlugin:64 - create IPUIPlugin
2021-05-15 11:15:14,797 [INFO] PluginManager:203 - loadIPPluginJar : add genericplugin
2021-05-15 11:15:14,813 [INFO] IPUIPlugin:64 - create IPUIPlugin
2021-05-15 11:15:14,813 [INFO] PluginManager:203 - loadIPPluginJar : add gfxmmu
2021-05-15 11:15:14,813 [INFO] IPUIPlugin:64 - create IPUIPlugin
2021-05-15 11:15:14,813 [INFO] PluginManager:203 - loadIPPluginJar : add gic
2021-05-15 11:15:14,828 [INFO] IPUIPlugin:64 - create IPUIPlugin
2021-05-15 11:15:14,828 [INFO] PluginManager:203 - loadIPPluginJar : add gpio
2021-05-15 11:15:14,828 [INFO] IPUIPlugin:64 - create IPUIPlugin
2021-05-15 11:15:14,828 [INFO] PluginManager:203 - loadIPPluginJar : add gtzc
2021-05-15 11:15:14,906 [INFO] IPUIPlugin:64 - create IPUIPlugin
2021-05-15 11:15:14,906 [INFO] PluginManager:203 - loadIPPluginJar : add hash
2021-05-15 11:15:14,906 [INFO] IPUIPlugin:64 - create IPUIPlugin
2021-05-15 11:15:14,906 [INFO] PluginManager:203 - loadIPPluginJar : add i2c
2021-05-15 11:15:14,906 [INFO] IPUIPlugin:64 - create IPUIPlugin
2021-05-15 11:15:14,906 [INFO] PluginManager:203 - loadIPPluginJar : add i2s
2021-05-15 11:15:14,922 [INFO] IPUIPlugin:64 - create IPUIPlugin
2021-05-15 11:15:14,922 [INFO] PluginManager:203 - loadIPPluginJar : add ipddr
2021-05-15 11:15:14,922 [INFO] IPUIPlugin:64 - create IPUIPlugin
2021-05-15 11:15:14,922 [INFO] PluginManager:203 - loadIPPluginJar : add lorawan
2021-05-15 11:15:14,922 [INFO] IPUIPlugin:64 - create IPUIPlugin
2021-05-15 11:15:14,922 [INFO] PluginManager:203 - loadIPPluginJar : add ltdc
2021-05-15 11:15:14,937 [INFO] IPUIPlugin:64 - create IPUIPlugin
2021-05-15 11:15:14,937 [INFO] PluginManager:203 - loadIPPluginJar : add mdma
2021-05-15 11:15:14,937 [INFO] IPUIPlugin:64 - create IPUIPlugin
2021-05-15 11:15:14,937 [INFO] PluginManager:203 - loadIPPluginJar : add nvic
2021-05-15 11:15:14,937 [INFO] IPUIPlugin:64 - create IPUIPlugin
2021-05-15 11:15:14,937 [INFO] PluginManager:203 - loadIPPluginJar : add opamp
2021-05-15 11:15:14,953 [INFO] IPUIPlugin:64 - create IPUIPlugin
2021-05-15 11:15:14,953 [INFO] PluginManager:203 - loadIPPluginJar : add openamp
2021-05-15 11:15:14,953 [INFO] IPUIPlugin:64 - create IPUIPlugin
2021-05-15 11:15:14,953 [INFO] PluginManager:203 - loadIPPluginJar : add pdm2pcm
2021-05-15 11:15:14,969 [INFO] IPUIPlugin:64 - create IPUIPlugin
2021-05-15 11:15:14,969 [INFO] PluginManager:203 - loadIPPluginJar : add plateformsettings
2021-05-15 11:15:14,969 [INFO] IPUIPlugin:64 - create IPUIPlugin
2021-05-15 11:15:14,969 [INFO] PluginManager:203 - loadIPPluginJar : add quadspi
2021-05-15 11:15:14,984 [INFO] IPUIPlugin:64 - create IPUIPlugin
2021-05-15 11:15:14,984 [INFO] PluginManager:203 - loadIPPluginJar : add resmgrutility
2021-05-15 11:15:14,984 [INFO] IPUIPlugin:64 - create IPUIPlugin
2021-05-15 11:15:14,984 [INFO] PluginManager:203 - loadIPPluginJar : add sai
2021-05-15 11:15:14,984 [INFO] IPUIPlugin:64 - create IPUIPlugin
2021-05-15 11:15:14,984 [INFO] PluginManager:203 - loadIPPluginJar : add spi
2021-05-15 11:15:15,000 [INFO] IPUIPlugin:64 - create IPUIPlugin
2021-05-15 11:15:15,000 [INFO] PluginManager:203 - loadIPPluginJar : add stm32_wpan
2021-05-15 11:15:15,000 [INFO] IPUIPlugin:64 - create IPUIPlugin
2021-05-15 11:15:15,000 [INFO] PluginManager:203 - loadIPPluginJar : add tim
2021-05-15 11:15:15,000 [INFO] IPUIPlugin:64 - create IPUIPlugin
2021-05-15 11:15:15,000 [INFO] PluginManager:203 - loadIPPluginJar : add touchsensing
2021-05-15 11:15:15,000 [INFO] IPUIPlugin:64 - create IPUIPlugin
2021-05-15 11:15:15,016 [INFO] PluginManager:203 - loadIPPluginJar : add tracer_emb
2021-05-15 11:15:15,016 [INFO] IPUIPlugin:64 - create IPUIPlugin
2021-05-15 11:15:15,016 [INFO] PluginManager:203 - loadIPPluginJar : add ts
2021-05-15 11:15:15,016 [INFO] IPUIPlugin:64 - create IPUIPlugin
2021-05-15 11:15:15,016 [INFO] PluginManager:203 - loadIPPluginJar : add tsc
2021-05-15 11:15:15,016 [INFO] IPUIPlugin:64 - create IPUIPlugin
2021-05-15 11:15:15,016 [INFO] PluginManager:203 - loadIPPluginJar : add ucpd
2021-05-15 11:15:15,031 [INFO] IPUIPlugin:64 - create IPUIPlugin
2021-05-15 11:15:15,031 [INFO] PluginManager:203 - loadIPPluginJar : add usart
2021-05-15 11:15:15,461 [FATAL] Updater:284 - Updater called before beeing initialized
2021-05-15 11:15:15,659 [FATAL] Updater:284 - Updater called before beeing initialized
2021-05-15 11:15:15,722 [WARN] DetailPanel:347 - Failed to get advertising image, set to default
2021-05-15 11:15:15,737 [FATAL] Updater:284 - Updater called before beeing initialized
2021-05-15 11:15:15,737 [WARN] DetailPanel:347 - Failed to get advertising image, set to default
2021-05-15 11:15:15,800 [FATAL] Updater:284 - Updater called before beeing initialized
2021-05-15 11:15:15,800 [WARN] ThirdParty:783 - waiting for thirdparty lock release [close project]
2021-05-15 11:15:16,802 [INFO] ThirdPartyUpdaterWithRetryManager:56 - Updater plugin not ready yet. [2/15]
2021-05-15 11:15:19,802 [FATAL] Updater:284 - Updater called before beeing initialized
2021-05-15 11:15:19,802 [ERROR] AbstractThirdPartyUpdaterManager:153 - java.lang.Integer cannot be cast to java.util.List
2021-05-15 11:15:19,803 [INFO] ThirdParty:887 - Integrity check success = false
2021-05-15 11:15:19,803 [INFO] IntegrityCheckThread:75 - exiting critical section [integrity check]
2021-05-15 11:15:19,803 [INFO] IntegrityCheckThread:78 - End integrity checks thread
2021-05-15 11:15:19,803 [INFO] ThirdParty:785 - entering critical section [close project]
2021-05-15 11:15:19,806 [INFO] ThirdParty:796 - exiting critical section [close project]
2021-05-15 11:15:19,812 [INFO] PinOutPanel:1434 - setPackage(No Configuration,No Configuration)
2021-05-15 11:15:19,813 [FATAL] Updater:284 - Updater called before beeing initialized
2021-05-15 11:15:19,829 [ERROR] Updater:1065 - MainUpdater not yet initialized. External WinMGr cannot be set.
2021-05-15 11:15:19,835 [INFO] Updater:1002 - Updater Version found : 6.1.1
2021-05-15 11:15:19,869 [INFO] ApplicationProperties:181 - Using Application install path: C:\ST\STM32CubeIDE_1.5.1\STM32CubeIDE\plugins\com.st.stm32cube.common.mx_6.1.1.202012091304
2021-05-15 11:15:20,071 [INFO] MainUpdater:2644 - connection check result : 10
2021-05-15 11:15:20,072 [INFO] MainUpdater:249 - Updater Check For Update Now.
2021-05-15 11:15:20,072 [INFO] MicroXplorer:415 - Change Database Version : DB.6.0.10
2021-05-15 11:15:20,146 [INFO] CheckServerUpdateThread:102 - End of CheckServer Thread
2021-05-15 11:15:20,187 [INFO] MainUpdater:2644 - connection check result : 10
2021-05-15 11:15:21,128 [INFO] CrossSelectorPresenter:1330 - Cross Selector saved comparison directory: C:\Users\Nikolai\.stmcufinder\plugins\mcufinder\mcu\cs_comparisons_mx
2021-05-15 11:15:21,142 [INFO] MultiScanPanel:198 - Auto-refresh data requested => check proxy status ongoing
2021-05-15 11:15:21,150 [INFO] FinderPluginLoader:87 - Searching for filters in installed packs
2021-05-15 11:15:21,153 [INFO] DbMcusXml:97 - Load MCU database from C:\ST\STM32CubeIDE_1.5.1\STM32CubeIDE\plugins\com.st.stm32cube.common.mx_6.1.1.202012091304\\db\/mcu/families.xml
2021-05-15 11:15:23,041 [INFO] DbMcusJson:92 - JSON generation date=Mon Feb 08 16:35:07 MSK 2021 (1612791307)
2021-05-15 11:15:24,965 [INFO] DbMcus:176 - Found 1835 MCUs (1796 are supported by CubeMX, 1804 are visible in CubeMX)
2021-05-15 11:15:24,965 [INFO] ApiDb:238 - Load user favorites file C:\Users\Nikolai/.stm32cubeide/favorites.mcus.txt: 0 item(s)
2021-05-15 11:15:24,965 [INFO] ApiDb:242 - User favorites MCUs=[]
2021-05-15 11:15:24,965 [INFO] DbMcus:188 - Set 0 / 0 favorites MCUs
2021-05-15 11:15:25,914 [WARN] DetailPanel:347 - Failed to get advertising image, set to default
2021-05-15 11:15:26,783 [INFO] McuFilterPanel:245 - Update 0 favorites MCUs
2021-05-15 11:15:27,097 [INFO] DbBoardsPdsc:91 - Found 24 items
2021-05-15 11:15:27,103 [INFO] DbBoardsPdsc:91 - Found 9 items
2021-05-15 11:15:27,115 [INFO] DbBoardsPdsc:91 - Found 32 items
2021-05-15 11:15:27,117 [INFO] DbBoardsPdsc:91 - Found 1 items
2021-05-15 11:15:27,132 [INFO] DbBoardsPdsc:91 - Found 45 items
2021-05-15 11:15:27,146 [INFO] DbBoardsPdsc:91 - Found 41 items
2021-05-15 11:15:27,153 [INFO] DbBoardsPdsc:91 - Found 2 items
2021-05-15 11:15:27,157 [INFO] DbBoardsPdsc:91 - Found 4 items
2021-05-15 11:15:27,170 [WARN] DbBoardsPdsc:255 - Board STM32H7B3I-DK: unknown feature type=Audio, name=, username=Audio stereo codec with Headphone Amp (CS42L51-CNZ), n=1
2021-05-15 11:15:27,170 [WARN] DbBoardsPdsc:255 - Board STM32H735G-DK: unknown feature type=Audio, name=, username=Audio stereo codec with Headphone Amp (WM8994ECS/R), n=1
2021-05-15 11:15:27,173 [WARN] DbBoardsPdsc:255 - Board STM32H7B3I-EVAL: unknown feature type=Audio, name=, username=Multi-Channel Audio Codec (CS42L51-CNZ), n=1
2021-05-15 11:15:27,174 [WARN] DbBoardsPdsc:255 - Board STM32H7B3I-EVAL: unknown feature type=Meter, name=, username=Power-metering and Temperature-monitoring with sigma-delta modulators, n=1
2021-05-15 11:15:27,174 [WARN] DbBoardsPdsc:255 - Board STM32H7B3I-EVAL: unknown feature type=Motor, name=, username=Motor Control, n=1
2021-05-15 11:15:27,199 [INFO] DbBoardsJson:85 - JSON generation date=Thu Feb 04 19:53:45 MSK 2021 (1612457625)
2021-05-15 11:15:27,199 [INFO] DbBoards:118 - Found 160 boards (155 are supported by CubeMX)
2021-05-15 11:15:27,215 [INFO] DbBoardsDocs:145 - JSON generation date=Mon Feb 08 16:35:07 MSK 2021 (1612791307)
2021-05-15 11:15:27,287 [INFO] DbBoardsDocs:81 - Found 193 boards documents
2021-05-15 11:15:27,287 [WARN] DbBoards:128 - board B-L462E-CELL1 has no document id list !
2021-05-15 11:15:27,288 [WARN] DbBoards:128 - board B-L475E-IOT01A2 has no document id list !
2021-05-15 11:15:27,289 [WARN] DbBoards:128 - board NUCLEO-G0B1RE has no document id list !
2021-05-15 11:15:27,289 [WARN] DbBoards:128 - board NUCLEO-H743ZI2 has no document id list !
2021-05-15 11:15:27,290 [WARN] DbBoards:128 - board NUCLEO-L4A6ZG has no document id list !
2021-05-15 11:15:27,290 [WARN] DbBoards:128 - board NUCLEO-WB55RG has no document id list !
2021-05-15 11:15:27,291 [WARN] DbBoards:128 - board NUCLEO-WL55JC1 has no document id list !
2021-05-15 11:15:27,291 [WARN] DbBoards:128 - board NUCLEO-WL55JC2 has no document id list !
2021-05-15 11:15:27,291 [WARN] DbBoards:128 - board P-NUCLEO-WB55-Nucleo has no document id list !
2021-05-15 11:15:27,292 [WARN] DbBoards:128 - board P-NUCLEO-WB55-USBDongle has no document id list !
2021-05-15 11:15:27,292 [WARN] DbBoards:128 - board STEVAL-BFA001V1B has no document id list !
2021-05-15 11:15:27,292 [WARN] DbBoards:128 - board STEVAL-BFA001V2B has no document id list !
2021-05-15 11:15:27,292 [WARN] DbBoards:128 - board STEVAL-IDP005V1 has no document id list !
2021-05-15 11:15:27,292 [WARN] DbBoards:128 - board STEVAL-IDP005V2 has no document id list !
2021-05-15 11:15:27,293 [WARN] DbBoards:128 - board STEVAL-MKSBOX1V1 has no document id list !
2021-05-15 11:15:27,293 [WARN] DbBoards:128 - board STEVAL-STWINKT1 has no document id list !
2021-05-15 11:15:27,293 [WARN] DbBoards:128 - board STEVAL-STWINKT1B has no document id list !
2021-05-15 11:15:27,294 [WARN] DbBoards:128 - board STM32F401C-DISCO has no document id list !
2021-05-15 11:15:27,295 [WARN] DbBoards:128 - board STM32F769I-DISC1 has no document id list !
2021-05-15 11:15:27,296 [WARN] DbBoards:128 - board STM32G0C1E-EV has no document id list !
2021-05-15 11:15:27,296 [WARN] DbBoards:128 - board STM32G474E-EVAL1 has no document id list !
2021-05-15 11:15:27,296 [WARN] DbBoards:128 - board STM32H743I-EVAL2 has no document id list !
2021-05-15 11:15:27,297 [WARN] DbBoards:128 - board STM32H747I-DISC1 has no document id list !
2021-05-15 11:15:27,297 [WARN] DbBoards:128 - board STM32H753I-EVAL2 has no document id list !
2021-05-15 11:15:27,298 [WARN] DbBoards:128 - board STM32L-DISCOVERY has no document id list !
2021-05-15 11:15:27,299 [WARN] DbBoards:128 - board STM32MP157A-DK1 has no document id list !
2021-05-15 11:15:27,299 [WARN] DbBoards:128 - board STM32MP157F-DK2 has no document id list !
2021-05-15 11:15:27,299 [WARN] DbBoards:128 - board STM32MP157F-EV1 has no document id list !
2021-05-15 11:15:28,016 [ERROR] DbBoards:190 - Image file not found for board NUCLEO-WL55JC: C:\ST\STM32CubeIDE_1.5.1\STM32CubeIDE\plugins\com.st.stm32cube.common.mx_6.1.1.202012091304\\db\/plugins/mcufinder/images/boards/nucleo-wl55jc-small.jpg
2021-05-15 11:15:28,456 [ERROR] DbBoards:190 - Image file not found for board STEVAL-STWINKT1B: C:\ST\STM32CubeIDE_1.5.1\STM32CubeIDE\plugins\com.st.stm32cube.common.mx_6.1.1.202012091304\\db\/plugins/mcufinder/images/boards/steval-stwinkt1b_small.jpg
2021-05-15 11:15:29,277 [ERROR] DbBoards:190 - Image file not found for board STM32H7B3I-EVAL: C:\ST\STM32CubeIDE_1.5.1\STM32CubeIDE\plugins\com.st.stm32cube.common.mx_6.1.1.202012091304\\db\/plugins/mcufinder/images/boards/stm32h7b3ieval_small.jpg
2021-05-15 11:15:29,632 [INFO] ApiDb:238 - Load user favorites file C:\Users\Nikolai/.stm32cubeide/favorites.boards.txt: 0 item(s)
2021-05-15 11:15:29,632 [INFO] ApiDb:242 - User favorites Boards=[]
2021-05-15 11:15:29,632 [INFO] DbBoards:207 - Set 0 / 0 favorites Boards
2021-05-15 11:15:47,634 [INFO] McuResultTable:777 - Mark MCU STM32F413ZHTx as favorite
2021-05-15 11:15:47,730 [INFO] DbMcusDocs:145 - JSON generation date=Mon Feb 08 16:35:07 MSK 2021 (1612791307)
2021-05-15 11:15:48,355 [INFO] DbMcusDocs:81 - Found 617 MCUs documents
2021-05-15 11:16:09,747 [INFO] MainUpdater:2644 - connection check result : 10
2021-05-15 11:16:09,752 [INFO] MainUpdater:2644 - connection check result : 10
2021-05-15 11:16:09,825 [INFO] MicroXplorer:385 - Change Database Path : 
2021-05-15 11:16:09,825 [INFO] MicroXplorer:415 - Change Database Version : DB.6.0.10
2021-05-15 11:16:09,825 [WARN] ThirdParty:783 - waiting for thirdparty lock release [close project]
2021-05-15 11:16:09,825 [INFO] ThirdParty:785 - entering critical section [close project]
2021-05-15 11:16:09,825 [INFO] ThirdParty:796 - exiting critical section [close project]
2021-05-15 11:16:09,825 [INFO] PinOutPanel:1434 - setPackage(No Configuration,No Configuration)
2021-05-15 11:16:09,825 [INFO] UtilMem:74 - Begin LoadConfig() Used Memory: 368115008 Bytes (508559360)
2021-05-15 11:16:09,825 [INFO] MicroXplorer:385 - Change Database Path : 
2021-05-15 11:16:09,825 [INFO] MicroXplorer:415 - Change Database Version : DB.6.0.10
2021-05-15 11:16:09,825 [INFO] OpenFileManager:274 - Change cursor
2021-05-15 11:16:09,841 [WARN] ThirdParty:204 - Use empty third party IP manager
2021-05-15 11:16:09,872 [WARN] IntegrityCheckThread:59 - waiting for thirdparty lock release [integrity check]
2021-05-15 11:16:09,872 [INFO] IntegrityCheckThread:61 - entering critical section [integrity check]
2021-05-15 11:16:10,832 [INFO] ThirdParty:887 - Integrity check success = true
2021-05-15 11:16:10,832 [INFO] IntegrityCheckThread:75 - exiting critical section [integrity check]
2021-05-15 11:16:10,832 [INFO] IntegrityCheckThread:78 - End integrity checks thread
2021-05-15 11:16:17,384 [INFO] ImportTextPane:162 - (OptionalMessage_ERROR) Unable to find key (Mcu.ThirdPartyNb) in loaded IOC file
2021-05-15 11:16:17,385 [INFO] ImportTextPane:162 - (OptionalMessage_ERROR) Unable to find key (Mcu.PinsNb) in loaded IOC file
2021-05-15 11:16:17,385 [INFO] ImportTextPane:162 - (OptionalMessage_ERROR) Unable to find key (Mcu.IPNb) in loaded IOC file
2021-05-15 11:16:17,491 [WARN] ApiManager:294 - Cannot register API 'Board Extension:S2868A1' from pack STMicroelectronics.X-CUBE-SFXS2LP1.3.0.0: no header file found
2021-05-15 11:16:17,491 [WARN] ApiManager:294 - Cannot register API 'Board Extension:S2868A2' from pack STMicroelectronics.X-CUBE-SFXS2LP1.3.0.0: no header file found
2021-05-15 11:16:17,491 [WARN] ApiManager:294 - Cannot register API 'Board Extension:S2915A1' from pack STMicroelectronics.X-CUBE-SFXS2LP1.3.0.0: no header file found
2021-05-15 11:16:17,507 [WARN] ModelIntegratedComponent:51 - No mode defined for component null
2021-05-15 11:16:17,507 [WARN] ModelIntegratedComponent:51 - No mode defined for component null
2021-05-15 11:16:17,507 [WARN] ModelIntegratedComponent:51 - No mode defined for component null
2021-05-15 11:16:17,507 [WARN] ModelIntegratedComponent:51 - No mode defined for component null
2021-05-15 11:16:17,507 [WARN] ModelIntegratedComponent:51 - No mode defined for component null
2021-05-15 11:16:17,507 [WARN] ModelIntegratedComponent:51 - No mode defined for component null
2021-05-15 11:16:17,507 [WARN] ModelIntegratedComponent:51 - No mode defined for component null
2021-05-15 11:16:17,507 [WARN] ModelIntegratedComponent:51 - No mode defined for component null
2021-05-15 11:16:17,507 [WARN] ModelIntegratedComponent:51 - No mode defined for component null
2021-05-15 11:16:17,507 [WARN] ModelIntegratedComponent:51 - No mode defined for component null
2021-05-15 11:16:17,507 [WARN] ModelIntegratedComponent:51 - No mode defined for component null
2021-05-15 11:16:17,507 [WARN] ModelIntegratedComponent:51 - No mode defined for component null
2021-05-15 11:16:17,507 [WARN] ModelIntegratedComponent:51 - No mode defined for component null
2021-05-15 11:16:17,507 [WARN] ModelIntegratedComponent:51 - No mode defined for component null
2021-05-15 11:16:17,507 [WARN] ModelIntegratedComponent:51 - No mode defined for component null
2021-05-15 11:16:17,507 [WARN] ModelIntegratedComponent:51 - No mode defined for component null
2021-05-15 11:16:17,507 [WARN] ModelIntegratedComponent:51 - No mode defined for component null
2021-05-15 11:16:17,507 [WARN] ModelIntegratedComponent:51 - No mode defined for component null
2021-05-15 11:16:17,507 [WARN] ModelIntegratedComponent:51 - No mode defined for component null
2021-05-15 11:16:17,507 [WARN] ModelIntegratedComponent:51 - No mode defined for component null
2021-05-15 11:16:17,507 [WARN] ModelIntegratedComponent:51 - No mode defined for component null
2021-05-15 11:16:17,507 [WARN] ModelIntegratedComponent:51 - No mode defined for component null
2021-05-15 11:16:17,507 [WARN] ModelIntegratedComponent:51 - No mode defined for component null
2021-05-15 11:16:17,507 [WARN] ModelIntegratedComponent:51 - No mode defined for component null
2021-05-15 11:16:17,507 [WARN] ModelIntegratedComponent:51 - No mode defined for component null
2021-05-15 11:16:17,507 [WARN] ModelIntegratedComponent:51 - No mode defined for component null
2021-05-15 11:16:17,507 [WARN] ModelIntegratedComponent:51 - No mode defined for component null
2021-05-15 11:16:17,507 [WARN] ModelIntegratedComponent:51 - No mode defined for component null
2021-05-15 11:16:17,507 [WARN] ModelIntegratedComponent:51 - No mode defined for component null
2021-05-15 11:16:17,507 [WARN] ModelIntegratedComponent:51 - No mode defined for component null
2021-05-15 11:16:17,507 [WARN] ModelIntegratedComponent:51 - No mode defined for component null
2021-05-15 11:16:17,507 [WARN] ModelIntegratedComponent:51 - No mode defined for component null
2021-05-15 11:16:17,507 [WARN] ModelIntegratedComponent:51 - No mode defined for component null
2021-05-15 11:16:17,507 [WARN] ModelIntegratedComponent:51 - No mode defined for component null
2021-05-15 11:16:17,507 [WARN] ModelIntegratedComponent:51 - No mode defined for component null
2021-05-15 11:16:17,507 [WARN] ModelIntegratedComponent:51 - No mode defined for component null
2021-05-15 11:16:17,507 [WARN] ModelIntegratedComponent:51 - No mode defined for component null
2021-05-15 11:16:17,507 [WARN] ModelIntegratedComponent:51 - No mode defined for component null
2021-05-15 11:16:17,522 [WARN] ApiManager:294 - Cannot register API 'Board Extension:S2868A1' from pack STMicroelectronics.X-CUBE-SUBG2.4.0.0: no header file found
2021-05-15 11:16:17,522 [WARN] ApiManager:294 - Cannot register API 'Board Extension:S2868A2' from pack STMicroelectronics.X-CUBE-SUBG2.4.0.0: no header file found
2021-05-15 11:16:17,522 [WARN] ApiManager:294 - Cannot register API 'Board Extension:S2915A1' from pack STMicroelectronics.X-CUBE-SUBG2.4.0.0: no header file found
2021-05-15 11:16:17,538 [WARN] ApiManager:294 - Cannot register API 'Board Extension:EEPRMA1' from pack STMicroelectronics.X-CUBE-EEPRMA1.3.0.0: no header file found
2021-05-15 11:16:17,538 [WARN] ApiManager:294 - Cannot register API 'Board Extension:EEPRMA2' from pack STMicroelectronics.X-CUBE-EEPRMA1.3.0.0: no header file found
2021-05-15 11:16:17,772 [WARN] ApiManager:294 - Cannot register API 'Board Extension:IKS01A3' from pack STMicroelectronics.X-CUBE-MEMS1.8.3.0: no header file found
2021-05-15 11:16:17,772 [WARN] ApiManager:294 - Cannot register API 'Board Extension:IKS01A2' from pack STMicroelectronics.X-CUBE-MEMS1.8.3.0: no header file found
2021-05-15 11:16:17,772 [WARN] ApiManager:294 - Cannot register API 'Board Extension:IKS02A1' from pack STMicroelectronics.X-CUBE-MEMS1.8.3.0: no header file found
2021-05-15 11:16:17,788 [INFO] RtosManager:464 - Registered RTOS mode: class=CMSIS, group=RTOS, mode=CMSIS_V1, owner=FREERTOS
2021-05-15 11:16:17,788 [INFO] RtosManager:464 - Registered RTOS mode: class=CMSIS, group=RTOS2, mode=CMSIS_V2, owner=FREERTOS
2021-05-15 11:16:17,788 [INFO] RtosManager:464 - Registered RTOS mode: class=RTOS, group=Core, mode=CMSIS_V1, owner=FREERTOS
2021-05-15 11:16:17,788 [INFO] RtosManager:464 - Registered RTOS mode: class=RTOS, group=Core, mode=CMSIS_V2, owner=FREERTOS
2021-05-15 11:16:17,788 [WARN] ModelIntegratedComponent:182 - Missing modes for component STMicroelectronics:FreeRTOS:0.0.1:STMicroelectronics:RTOS:FreeRTOS:Core:::10.2.0:
2021-05-15 11:16:17,788 [WARN] ModelIntegratedComponent:180 - Modes not found for component STMicroelectronics:USB_DEVICE:1.0.0:STMicroelectronics:USB::USB Device:Audio HS::1.0:USB_DEVICE_1_0_RESTRICTED_HS
2021-05-15 11:16:17,788 [WARN] ModelIntegratedComponent:186 - Modes not found for component STMicroelectronics:USB_DEVICE:1.0.0:STMicroelectronics:USB::USB Device:Audio HS::1.0:USB_DEVICE_1_0_RESTRICTED_HS
2021-05-15 11:16:17,788 [WARN] ModelIntegratedComponent:180 - Modes not found for component STMicroelectronics:USB_DEVICE:1.0.0:STMicroelectronics:USB::USB Device:CDC HS::1.0:USB_DEVICE_1_0_RESTRICTED_HS
2021-05-15 11:16:17,788 [WARN] ModelIntegratedComponent:186 - Modes not found for component STMicroelectronics:USB_DEVICE:1.0.0:STMicroelectronics:USB::USB Device:CDC HS::1.0:USB_DEVICE_1_0_RESTRICTED_HS
2021-05-15 11:16:17,788 [WARN] ModelIntegratedComponent:180 - Modes not found for component STMicroelectronics:USB_DEVICE:1.0.0:STMicroelectronics:USB::USB Device:DFU HS::1.0:USB_DEVICE_1_0_RESTRICTED_HS
2021-05-15 11:16:17,788 [WARN] ModelIntegratedComponent:186 - Modes not found for component STMicroelectronics:USB_DEVICE:1.0.0:STMicroelectronics:USB::USB Device:DFU HS::1.0:USB_DEVICE_1_0_RESTRICTED_HS
2021-05-15 11:16:17,788 [WARN] ModelIntegratedComponent:180 - Modes not found for component STMicroelectronics:USB_DEVICE:1.0.0:STMicroelectronics:USB::USB Device:HID HS::1.0:USB_DEVICE_1_0_RESTRICTED_HS
2021-05-15 11:16:17,788 [WARN] ModelIntegratedComponent:186 - Modes not found for component STMicroelectronics:USB_DEVICE:1.0.0:STMicroelectronics:USB::USB Device:HID HS::1.0:USB_DEVICE_1_0_RESTRICTED_HS
2021-05-15 11:16:17,788 [WARN] ModelIntegratedComponent:180 - Modes not found for component STMicroelectronics:USB_DEVICE:1.0.0:STMicroelectronics:USB::USB Device:Custom HID HS::1.0:USB_DEVICE_1_0_RESTRICTED_HS
2021-05-15 11:16:17,788 [WARN] ModelIntegratedComponent:186 - Modes not found for component STMicroelectronics:USB_DEVICE:1.0.0:STMicroelectronics:USB::USB Device:Custom HID HS::1.0:USB_DEVICE_1_0_RESTRICTED_HS
2021-05-15 11:16:17,788 [WARN] ModelIntegratedComponent:180 - Modes not found for component STMicroelectronics:USB_DEVICE:1.0.0:STMicroelectronics:USB::USB Device:MSC HS::1.0:USB_DEVICE_1_0_RESTRICTED_HS
2021-05-15 11:16:17,788 [WARN] ModelIntegratedComponent:186 - Modes not found for component STMicroelectronics:USB_DEVICE:1.0.0:STMicroelectronics:USB::USB Device:MSC HS::1.0:USB_DEVICE_1_0_RESTRICTED_HS
2021-05-15 11:16:17,788 [WARN] ApiManager:294 - Cannot register API 'Board Extension:GNSS1A1' from pack STMicroelectronics.X-CUBE-GNSS1.5.2.0: no header file found
2021-05-15 11:16:17,788 [WARN] ApiManager:294 - Cannot register API 'Board Support:Custom' from pack STMicroelectronics.X-CUBE-GNSS1.5.2.0: no header file found
2021-05-15 11:16:17,803 [WARN] ApiManager:294 - Cannot register API 'Data Exchange:lib_gnss' from pack STMicroelectronics.X-CUBE-GNSS1.5.2.0: no header file found
2021-05-15 11:16:17,803 [WARN] ApiManager:294 - Cannot register API 'Wireless:BlueNRG-MS' from pack STMicroelectronics.X-CUBE-BLE1.6.2.0: no header file found
2021-05-15 11:16:17,803 [WARN] ModelIntegratedComponent:180 - Modes not found for component STMicroelectronics:USB_HOST:1.0.0:STMicroelectronics:USB::USB Host:Audio HS::1.0:USB_HOST_1_0_RESTRICTED_HS
2021-05-15 11:16:17,803 [WARN] ModelIntegratedComponent:186 - Modes not found for component STMicroelectronics:USB_HOST:1.0.0:STMicroelectronics:USB::USB Host:Audio HS::1.0:USB_HOST_1_0_RESTRICTED_HS
2021-05-15 11:16:17,803 [WARN] ModelIntegratedComponent:180 - Modes not found for component STMicroelectronics:USB_HOST:1.0.0:STMicroelectronics:USB::USB Host:CDC HS::1.0:USB_HOST_1_0_RESTRICTED_HS
2021-05-15 11:16:17,803 [WARN] ModelIntegratedComponent:186 - Modes not found for component STMicroelectronics:USB_HOST:1.0.0:STMicroelectronics:USB::USB Host:CDC HS::1.0:USB_HOST_1_0_RESTRICTED_HS
2021-05-15 11:16:17,803 [WARN] ModelIntegratedComponent:180 - Modes not found for component STMicroelectronics:USB_HOST:1.0.0:STMicroelectronics:USB::USB Host:MSC HS::1.0:USB_HOST_1_0_RESTRICTED_HS
2021-05-15 11:16:17,803 [WARN] ModelIntegratedComponent:186 - Modes not found for component STMicroelectronics:USB_HOST:1.0.0:STMicroelectronics:USB::USB Host:MSC HS::1.0:USB_HOST_1_0_RESTRICTED_HS
2021-05-15 11:16:17,803 [WARN] ModelIntegratedComponent:180 - Modes not found for component STMicroelectronics:USB_HOST:1.0.0:STMicroelectronics:USB::USB Host:HID HS::1.0:USB_HOST_1_0_RESTRICTED_HS
2021-05-15 11:16:17,803 [WARN] ModelIntegratedComponent:186 - Modes not found for component STMicroelectronics:USB_HOST:1.0.0:STMicroelectronics:USB::USB Host:HID HS::1.0:USB_HOST_1_0_RESTRICTED_HS
2021-05-15 11:16:17,803 [WARN] ModelIntegratedComponent:180 - Modes not found for component STMicroelectronics:USB_HOST:1.0.0:STMicroelectronics:USB::USB Host:MTP HS::1.0:USB_HOST_1_0_RESTRICTED_HS
2021-05-15 11:16:17,803 [WARN] ModelIntegratedComponent:186 - Modes not found for component STMicroelectronics:USB_HOST:1.0.0:STMicroelectronics:USB::USB Host:MTP HS::1.0:USB_HOST_1_0_RESTRICTED_HS
2021-05-15 11:16:17,803 [WARN] ApiManager:294 - Cannot register API 'Board Extension:NFC04A1' from pack STMicroelectronics.X-CUBE-NFC4.2.0.2: no header file found
2021-05-15 11:16:17,803 [WARN] ApiManager:294 - Cannot register API 'Wireless:BlueNRG-2' from pack STMicroelectronics.X-CUBE-BLE2.3.2.0: no header file found
2021-05-15 11:16:19,103 [INFO] UtilMem:74 - End LoadConfig() Used Memory: 384730192 Bytes (508559360)
2021-05-15 11:16:19,103 [WARN] ThirdParty:749 - waiting for thirdparty lock release [change project]
2021-05-15 11:16:19,119 [INFO] ThirdParty:751 - entering critical section [change project]
2021-05-15 11:16:19,119 [INFO] ThirdParty:939 - CMSIS Pack Vendor :RoweBots I-CUBE-UNISONRTOS 5.5.0-4
2021-05-15 11:16:19,119 [INFO] ThirdParty:939 - CMSIS Pack Vendor :STMicroelectronics X-CUBE-SFXS2LP1 3.0.0
2021-05-15 11:16:19,119 [INFO] ThirdParty:939 - CMSIS Pack Vendor :STMicroelectronics USB_HOST 2.0.0
2021-05-15 11:16:19,119 [INFO] ThirdParty:939 - CMSIS Pack Vendor :STMicroelectronics USB_DEVICE 3.0.0
2021-05-15 11:16:19,119 [INFO] ThirdParty:939 - CMSIS Pack Vendor :STMicroelectronics HAL Drivers 0.0.0
2021-05-15 11:16:19,119 [INFO] ThirdParty:939 - CMSIS Pack Vendor :STMicroelectronics MBEDTLS 2.16.2
2021-05-15 11:16:19,119 [INFO] ThirdParty:939 - CMSIS Pack Vendor :STMicroelectronics MBEDTLS 2.14.1
2021-05-15 11:16:19,119 [INFO] ThirdParty:939 - CMSIS Pack Vendor :STMicroelectronics X-CUBE-SUBG2 4.0.0
2021-05-15 11:16:19,119 [INFO] ThirdParty:939 - CMSIS Pack Vendor :STMicroelectronics X-CUBE-TOF1 1.0.0
2021-05-15 11:16:19,119 [INFO] ThirdParty:939 - CMSIS Pack Vendor :STMicroelectronics X-CUBE-AZRTOS-H7 1.0.0
2021-05-15 11:16:19,119 [INFO] ThirdParty:939 - CMSIS Pack Vendor :STMicroelectronics USB_DEVICE 2.0.0
2021-05-15 11:16:19,119 [INFO] ThirdParty:939 - CMSIS Pack Vendor :STMicroelectronics X-CUBE-EEPRMA1 3.0.0
2021-05-15 11:16:19,119 [INFO] ThirdParty:939 - CMSIS Pack Vendor :STMicroelectronics X-CUBE-MEMS1 8.3.0
2021-05-15 11:16:19,119 [INFO] ThirdParty:939 - CMSIS Pack Vendor :STMicroelectronics X-CUBE-DISPLAY 1.0.0
2021-05-15 11:16:19,119 [INFO] ThirdParty:939 - CMSIS Pack Vendor :STMicroelectronics FreeRTOS 0.0.1
2021-05-15 11:16:19,119 [INFO] ThirdParty:939 - CMSIS Pack Vendor :STMicroelectronics USB_DEVICE 1.0.0
2021-05-15 11:16:19,119 [INFO] ThirdParty:939 - CMSIS Pack Vendor :STMicroelectronics X-CUBE-AI 6.0.0
2021-05-15 11:16:19,119 [INFO] ThirdParty:939 - CMSIS Pack Vendor :STMicroelectronics X-CUBE-ALGOBUILD 1.2.0
2021-05-15 11:16:19,119 [INFO] ThirdParty:939 - CMSIS Pack Vendor :STMicroelectronics X-CUBE-GNSS1 5.2.0
2021-05-15 11:16:19,119 [INFO] ThirdParty:939 - CMSIS Pack Vendor :STMicroelectronics lwIP 2.0.3
2021-05-15 11:16:19,119 [INFO] ThirdParty:939 - CMSIS Pack Vendor :STMicroelectronics lwIP 2.1.2
2021-05-15 11:16:19,119 [INFO] ThirdParty:939 - CMSIS Pack Vendor :STMicroelectronics X-CUBE-BLE1 6.2.0
2021-05-15 11:16:19,119 [INFO] ThirdParty:939 - CMSIS Pack Vendor :STMicroelectronics USB_HOST 1.0.0
2021-05-15 11:16:19,119 [INFO] ThirdParty:939 - CMSIS Pack Vendor :STMicroelectronics X-CUBE-NFC4 2.0.2
2021-05-15 11:16:19,119 [INFO] ThirdParty:939 - CMSIS Pack Vendor :wolfSSL I-CUBE-wolfSSL 4.7.0
2021-05-15 11:16:19,119 [INFO] ThirdParty:939 - CMSIS Pack Vendor :STMicroelectronics X-CUBE-TOUCHGFX 4.16.1
2021-05-15 11:16:19,119 [INFO] ThirdParty:939 - CMSIS Pack Vendor :STMicroelectronics PDM2PCM 3.1.0
2021-05-15 11:16:19,119 [INFO] ThirdParty:939 - CMSIS Pack Vendor :STMicroelectronics PDM2PCM 3.2.0
2021-05-15 11:16:19,119 [INFO] ThirdParty:939 - CMSIS Pack Vendor :STMicroelectronics PDM2PCM 3.3.0
2021-05-15 11:16:19,119 [INFO] ThirdParty:939 - CMSIS Pack Vendor :STMicroelectronics X-CUBE-BLE2 3.2.0
2021-05-15 11:16:19,119 [INFO] ThirdParty:757 - exiting critical section [change project]
2021-05-15 11:16:19,911 [INFO] PinOutPanel:1434 - setPackage(No Configuration,No Configuration)
2021-05-15 11:16:19,911 [INFO] PinOutPanel:1434 - setPackage(STM32F413ZHTx,LQFP144)
2021-05-15 11:16:21,040 [INFO] UtilMem:74 - Before build in PCC Used Memory: 357668264 Bytes (508559360)
2021-05-15 11:16:21,787 [INFO] SharedServices:72 - Folder for power plug-in: C:/Users/Nikolai/.stm32cubemx/plugins/power
2021-05-15 11:16:21,896 [INFO] SharedServices:72 - Folder for power plug-in: C:/Users/Nikolai/.stm32cubemx/plugins/power
2021-05-15 11:16:21,974 [INFO] SharedServices:72 - Folder for power plug-in: C:/Users/Nikolai/.stm32cubemx/plugins/power
2021-05-15 11:16:21,990 [INFO] SharedServices:72 - Folder for power plug-in: C:/Users/Nikolai/.stm32cubemx/plugins/power
2021-05-15 11:16:22,351 [INFO] UtilMem:74 - After build in PCC Used Memory: 421109152 Bytes (508559360)
2021-05-15 11:16:22,384 [INFO] IPUIPlugin:64 - create IPUIPlugin
2021-05-15 11:16:22,384 [INFO] IPUIPlugin:64 - create IPUIPlugin
2021-05-15 11:16:22,384 [INFO] IPUIPlugin:64 - create IPUIPlugin
2021-05-15 11:16:22,384 [INFO] IPUIPlugin:64 - create IPUIPlugin
2021-05-15 11:16:22,384 [INFO] IPUIPlugin:64 - create IPUIPlugin
2021-05-15 11:16:22,384 [INFO] IPUIPlugin:64 - create IPUIPlugin
2021-05-15 11:16:22,384 [INFO] IPUIPlugin:64 - create IPUIPlugin
2021-05-15 11:16:22,384 [INFO] IPUIPlugin:64 - create IPUIPlugin
2021-05-15 11:16:22,384 [INFO] IPUIPlugin:64 - create IPUIPlugin
2021-05-15 11:16:22,384 [INFO] IPUIPlugin:64 - create IPUIPlugin
2021-05-15 11:16:22,384 [INFO] IPUIPlugin:64 - create IPUIPlugin
2021-05-15 11:16:22,384 [INFO] IPUIPlugin:64 - create IPUIPlugin
2021-05-15 11:16:22,384 [INFO] IPUIPlugin:64 - create IPUIPlugin
2021-05-15 11:16:22,384 [INFO] IPUIPlugin:64 - create IPUIPlugin
2021-05-15 11:16:22,384 [INFO] IPUIPlugin:64 - create IPUIPlugin
2021-05-15 11:16:22,384 [INFO] IPUIPlugin:64 - create IPUIPlugin
2021-05-15 11:16:22,384 [INFO] IPUIPlugin:64 - create IPUIPlugin
2021-05-15 11:16:22,384 [INFO] IPUIPlugin:64 - create IPUIPlugin
2021-05-15 11:16:22,384 [INFO] IPUIPlugin:64 - create IPUIPlugin
2021-05-15 11:16:22,384 [INFO] IPUIPlugin:64 - create IPUIPlugin
2021-05-15 11:16:22,384 [INFO] IPUIPlugin:64 - create IPUIPlugin
2021-05-15 11:16:22,384 [INFO] IPUIPlugin:64 - create IPUIPlugin
2021-05-15 11:16:22,384 [INFO] IPUIPlugin:64 - create IPUIPlugin
2021-05-15 11:16:22,384 [INFO] IPUIPlugin:64 - create IPUIPlugin
2021-05-15 11:16:22,384 [INFO] IPUIPlugin:64 - create IPUIPlugin
2021-05-15 11:16:22,400 [INFO] IPUIPlugin:64 - create IPUIPlugin
2021-05-15 11:16:22,400 [INFO] IPUIPlugin:64 - create IPUIPlugin
2021-05-15 11:16:22,400 [INFO] IPUIPlugin:64 - create IPUIPlugin
2021-05-15 11:16:22,400 [INFO] IPUIPlugin:64 - create IPUIPlugin
2021-05-15 11:16:22,400 [INFO] IPUIPlugin:64 - create IPUIPlugin
2021-05-15 11:16:22,400 [INFO] IPUIPlugin:64 - create IPUIPlugin
2021-05-15 11:16:22,400 [INFO] IPUIPlugin:64 - create IPUIPlugin
2021-05-15 11:16:22,400 [INFO] IPUIPlugin:64 - create IPUIPlugin
2021-05-15 11:16:22,400 [INFO] IPUIPlugin:64 - create IPUIPlugin
2021-05-15 11:16:22,400 [INFO] IPUIPlugin:64 - create IPUIPlugin
2021-05-15 11:16:22,400 [INFO] IPUIPlugin:64 - create IPUIPlugin
2021-05-15 11:16:22,400 [INFO] IPUIPlugin:64 - create IPUIPlugin
2021-05-15 11:16:22,400 [INFO] IPUIPlugin:64 - create IPUIPlugin
2021-05-15 11:16:22,400 [INFO] IPUIPlugin:64 - create IPUIPlugin
2021-05-15 11:16:22,400 [INFO] IPUIPlugin:64 - create IPUIPlugin
2021-05-15 11:16:22,400 [INFO] IPUIPlugin:64 - create IPUIPlugin
2021-05-15 11:16:22,400 [INFO] IPUIPlugin:64 - create IPUIPlugin
2021-05-15 11:16:22,400 [INFO] IPUIPlugin:64 - create IPUIPlugin
2021-05-15 11:16:22,400 [INFO] IPUIPlugin:64 - create IPUIPlugin
2021-05-15 11:16:22,400 [INFO] IPUIPlugin:64 - create IPUIPlugin
2021-05-15 11:16:22,431 [INFO] IPUIPlugin:64 - create IPUIPlugin
2021-05-15 11:16:22,431 [INFO] IPUIPlugin:64 - create IPUIPlugin
2021-05-15 11:16:22,431 [INFO] IPUIPlugin:64 - create IPUIPlugin
2021-05-15 11:16:22,431 [INFO] IPUIPlugin:64 - create IPUIPlugin
2021-05-15 11:16:22,431 [INFO] IPUIPlugin:64 - create IPUIPlugin
2021-05-15 11:16:22,431 [INFO] IPUIPlugin:64 - create IPUIPlugin
2021-05-15 11:16:22,431 [INFO] IPUIPlugin:64 - create IPUIPlugin
2021-05-15 11:16:22,431 [INFO] IPUIPlugin:64 - create IPUIPlugin
2021-05-15 11:16:22,431 [INFO] IPUIPlugin:64 - create IPUIPlugin
2021-05-15 11:16:22,431 [INFO] IPUIPlugin:64 - create IPUIPlugin
2021-05-15 11:16:22,431 [INFO] IPUIPlugin:64 - create IPUIPlugin
2021-05-15 11:16:22,431 [INFO] IPUIPlugin:64 - create IPUIPlugin
2021-05-15 11:16:22,447 [INFO] IPUIPlugin:64 - create IPUIPlugin
2021-05-15 11:16:22,447 [INFO] IPUIPlugin:64 - create IPUIPlugin
2021-05-15 11:16:22,447 [INFO] IPUIPlugin:64 - create IPUIPlugin
2021-05-15 11:16:22,447 [INFO] IPUIPlugin:64 - create IPUIPlugin
2021-05-15 11:16:22,447 [INFO] IPUIPlugin:64 - create IPUIPlugin
2021-05-15 11:16:22,447 [INFO] IPUIPlugin:64 - create IPUIPlugin
2021-05-15 11:16:22,447 [INFO] IPUIPlugin:64 - create IPUIPlugin
2021-05-15 11:16:22,447 [INFO] IPUIPlugin:64 - create IPUIPlugin
2021-05-15 11:16:22,447 [INFO] IPUIPlugin:64 - create IPUIPlugin
2021-05-15 11:16:22,447 [INFO] IPUIPlugin:64 - create IPUIPlugin
2021-05-15 11:16:22,447 [INFO] IPUIPlugin:64 - create IPUIPlugin
2021-05-15 11:16:22,556 [INFO] ApiDbMcu:456 - Load IP Config File for PDM2PCM
2021-05-15 11:16:22,603 [INFO] LogOutputStream:76 - [STDOUT_REDIRECT] toolchainItems.length=====1
2021-05-15 11:16:22,822 [INFO] OpenFileManager:294 - Restore cursor
2021-05-15 11:16:23,450 [INFO] UtilMem:74 - End SaveConfig() Used Memory: 416102968 Bytes (508559360)
2021-05-15 11:16:23,544 [INFO] UtilMem:74 - End SaveConfig() Used Memory: 427115056 Bytes (508559360)
2021-05-15 11:16:24,496 [INFO] BlockDiagram:2735 - set Specific Code input for plugin: SYS
2021-05-15 11:16:24,496 [INFO] BlockDiagram:2735 - set Specific Code input for plugin: RCC
2021-05-15 11:16:24,496 [INFO] BlockDiagram:2735 - set Specific Code input for plugin: NVIC
2021-05-15 11:16:24,496 [INFO] CodeGenerator:639 - code generatio: config db path: C:\ST\STM32CubeIDE_1.5.1\STM32CubeIDE\plugins\com.st.stm32cube.common.mx_6.1.1.202012091304\\db\
2021-05-15 11:16:25,553 [INFO] CodeEngine:229 - oldGeneratedFile, E:\Job\GIT\Stm32_Project\STM32F413ZH_external interrupt\MXTmpFiles\license.tmp_save
2021-05-15 11:16:26,436 [INFO] CodeEngine:247 - Generated code: E:\Job\GIT\Stm32_Project\STM32F413ZH_external interrupt\MXTmpFiles\license.tmp
2021-05-15 11:16:26,588 [INFO] CodeEngine:229 - oldGeneratedFile, E:\Job\GIT\Stm32_Project\STM32F413ZH_external interrupt\Core\Src\stm32f4xx_it.c_save
2021-05-15 11:16:26,854 [INFO] CodeEngine:247 - Generated code: E:\Job\GIT\Stm32_Project\STM32F413ZH_external interrupt\Core\Src\stm32f4xx_it.c
2021-05-15 11:16:26,854 [INFO] CodeEngine:229 - oldGeneratedFile, E:\Job\GIT\Stm32_Project\STM32F413ZH_external interrupt\Core\Inc\stm32f4xx_it.h_save
2021-05-15 11:16:26,979 [INFO] CodeEngine:247 - Generated code: E:\Job\GIT\Stm32_Project\STM32F413ZH_external interrupt\Core\Inc\stm32f4xx_it.h
2021-05-15 11:16:26,995 [INFO] CodeEngine:229 - oldGeneratedFile, E:\Job\GIT\Stm32_Project\STM32F413ZH_external interrupt\Core\Src\stm32f4xx_hal_msp.c_save
2021-05-15 11:16:27,198 [INFO] CodeEngine:247 - Generated code: E:\Job\GIT\Stm32_Project\STM32F413ZH_external interrupt\Core\Src\stm32f4xx_hal_msp.c
2021-05-15 11:16:27,198 [INFO] CodeEngine:229 - oldGeneratedFile, E:\Job\GIT\Stm32_Project\STM32F413ZH_external interrupt\MXTmpFiles\system.tmp_save
2021-05-15 11:16:27,289 [INFO] CodeEngine:247 - Generated code: E:\Job\GIT\Stm32_Project\STM32F413ZH_external interrupt\MXTmpFiles\system.tmp
2021-05-15 11:16:27,297 [INFO] CodeEngine:229 - oldGeneratedFile, E:\Job\GIT\Stm32_Project\STM32F413ZH_external interrupt\Core\Inc\stm32f4xx_hal_conf.h_save
2021-05-15 11:16:27,450 [INFO] CodeEngine:247 - Generated code: E:\Job\GIT\Stm32_Project\STM32F413ZH_external interrupt\Core\Inc\stm32f4xx_hal_conf.h
2021-05-15 11:16:27,520 [INFO] CodeEngine:229 - oldGeneratedFile, E:\Job\GIT\Stm32_Project\STM32F413ZH_external interrupt\Core\Inc\main.h_save
2021-05-15 11:16:27,685 [INFO] CodeEngine:247 - Generated code: E:\Job\GIT\Stm32_Project\STM32F413ZH_external interrupt\Core\Inc\main.h
2021-05-15 11:16:27,690 [INFO] CodeEngine:229 - oldGeneratedFile, E:\Job\GIT\Stm32_Project\STM32F413ZH_external interrupt\Core\Src\main.c_save
2021-05-15 11:16:27,909 [INFO] CodeEngine:247 - Generated code: E:\Job\GIT\Stm32_Project\STM32F413ZH_external interrupt\Core\Src\main.c
2021-05-15 11:16:29,857 [INFO] ProjectBuilder:2328 - Time for Copy HAL[1] : 109mS.
2021-05-15 11:16:29,857 [INFO] ProjectBuilder:3259 - Project Generator version: 3.11.2
2021-05-15 11:16:30,921 [INFO] ConfigFileManager:1238 - The Die is : DIE463
2021-05-15 11:16:30,952 [INFO] ApiDbMcu:456 - Load IP Config File for FATFS
2021-05-15 11:16:30,952 [INFO] ApiDbMcu:456 - Load IP Config File for FREERTOS
2021-05-15 11:16:30,968 [INFO] ApiDbMcu:456 - Load IP Config File for LIBJPEG
2021-05-15 11:16:30,968 [INFO] ApiDbMcu:456 - Load IP Config File for MBEDTLS
2021-05-15 11:16:30,999 [INFO] ApiDbMcu:456 - Load IP Config File for USB_DEVICE
2021-05-15 11:16:30,999 [INFO] ApiDbMcu:456 - Load IP Config File for USB_HOST
2021-05-15 11:16:36,202 [INFO] ProjectBuilder:3425 - Time for Generating toolchain IDE Files: 6345mS.
2021-05-15 11:16:36,202 [INFO] ProjectBuilder:2207 - Time for Copy CMSIS : 0mS.
2021-05-15 11:16:36,218 [INFO] ProjectBuilder:2207 - Time for Copy CMSIS : 0mS.
2021-05-15 11:16:37,593 [INFO] ApiDb:263 - Save user favorites file C:\Users\Nikolai/.stm32cubeide/favorites.mcus.txt: 1 item(s)
2021-05-15 11:16:37,593 [INFO] ApiDb:267 - User favorites MCUs=[STM32F413ZHTx]
2021-05-15 11:16:48,059 [INFO] UtilMem:74 - End SaveConfig() Used Memory: 459064864 Bytes (1037041664)
2021-05-15 11:16:48,519 [INFO] BlockDiagram:2735 - set Specific Code input for plugin: SYS
2021-05-15 11:16:48,519 [INFO] BlockDiagram:2735 - set Specific Code input for plugin: RCC
2021-05-15 11:16:48,519 [INFO] BlockDiagram:2735 - set Specific Code input for plugin: NVIC
2021-05-15 11:16:48,520 [INFO] CodeGenerator:639 - code generatio: config db path: C:\ST\STM32CubeIDE_1.5.1\STM32CubeIDE\plugins\com.st.stm32cube.common.mx_6.1.1.202012091304\\db\
2021-05-15 11:16:49,144 [INFO] CodeEngine:229 - oldGeneratedFile, E:\Job\GIT\Stm32_Project\STM32F413ZH_external interrupt\MXTmpFiles\license.tmp_save
2021-05-15 11:16:49,242 [INFO] CodeEngine:247 - Generated code: E:\Job\GIT\Stm32_Project\STM32F413ZH_external interrupt\MXTmpFiles\license.tmp
2021-05-15 11:16:49,350 [INFO] CodeEngine:229 - oldGeneratedFile, E:\Job\GIT\Stm32_Project\STM32F413ZH_external interrupt\Core\Src\stm32f4xx_it.c_save
2021-05-15 11:16:49,553 [INFO] CodeEngine:247 - Generated code: E:\Job\GIT\Stm32_Project\STM32F413ZH_external interrupt\Core\Src\stm32f4xx_it.c
2021-05-15 11:16:49,553 [INFO] CodeEngine:229 - oldGeneratedFile, E:\Job\GIT\Stm32_Project\STM32F413ZH_external interrupt\Core\Inc\stm32f4xx_it.h_save
2021-05-15 11:16:49,662 [INFO] CodeEngine:247 - Generated code: E:\Job\GIT\Stm32_Project\STM32F413ZH_external interrupt\Core\Inc\stm32f4xx_it.h
2021-05-15 11:16:49,678 [INFO] CodeEngine:229 - oldGeneratedFile, E:\Job\GIT\Stm32_Project\STM32F413ZH_external interrupt\Core\Src\stm32f4xx_hal_msp.c_save
2021-05-15 11:16:49,834 [INFO] CodeEngine:247 - Generated code: E:\Job\GIT\Stm32_Project\STM32F413ZH_external interrupt\Core\Src\stm32f4xx_hal_msp.c
2021-05-15 11:16:49,865 [INFO] CodeEngine:229 - oldGeneratedFile, E:\Job\GIT\Stm32_Project\STM32F413ZH_external interrupt\MXTmpFiles\system.tmp_save
2021-05-15 11:16:49,944 [INFO] CodeEngine:247 - Generated code: E:\Job\GIT\Stm32_Project\STM32F413ZH_external interrupt\MXTmpFiles\system.tmp
2021-05-15 11:16:49,959 [INFO] CodeEngine:229 - oldGeneratedFile, E:\Job\GIT\Stm32_Project\STM32F413ZH_external interrupt\Core\Inc\stm32f4xx_hal_conf.h_save
2021-05-15 11:16:50,069 [INFO] CodeEngine:247 - Generated code: E:\Job\GIT\Stm32_Project\STM32F413ZH_external interrupt\Core\Inc\stm32f4xx_hal_conf.h
2021-05-15 11:16:50,100 [INFO] CodeEngine:229 - oldGeneratedFile, E:\Job\GIT\Stm32_Project\STM32F413ZH_external interrupt\Core\Inc\main.h_save
2021-05-15 11:16:50,209 [INFO] CodeEngine:247 - Generated code: E:\Job\GIT\Stm32_Project\STM32F413ZH_external interrupt\Core\Inc\main.h
2021-05-15 11:16:50,229 [INFO] CodeEngine:229 - oldGeneratedFile, E:\Job\GIT\Stm32_Project\STM32F413ZH_external interrupt\Core\Src\main.c_save
2021-05-15 11:16:50,384 [INFO] CodeEngine:247 - Generated code: E:\Job\GIT\Stm32_Project\STM32F413ZH_external interrupt\Core\Src\main.c
2021-05-15 11:16:51,287 [INFO] ProjectBuilder:2328 - Time for Copy HAL[1] : 106mS.
2021-05-15 11:16:51,291 [INFO] ProjectBuilder:3259 - Project Generator version: 3.11.2
2021-05-15 11:16:52,341 [INFO] ConfigFileManager:1238 - The Die is : DIE463
2021-05-15 11:16:55,168 [INFO] ProjectBuilder:3425 - Time for Generating toolchain IDE Files: 3877mS.
2021-05-15 11:16:55,168 [INFO] ProjectBuilder:2207 - Time for Copy CMSIS : 0mS.
2021-05-15 11:16:55,168 [INFO] ProjectBuilder:2207 - Time for Copy CMSIS : 0mS.
2021-05-15 13:43:30,841 [INFO] Activator:170 - 


2021-05-15 13:43:30,850 [INFO] Activator:171 - !SESSION log4j initialized
